C:\USERS\CHARLES\DOCUMENTS\VISUAL STUDIO 2012\PROJECTS\DATVEXPRESSSERVERAPP\DATVEXPRESSSERVERAPP\RELEASE\DATVEXPRESSSERVERAPP.PCH
C:\USERS\CHARLES\DOCUMENTS\VISUAL STUDIO 2012\PROJECTS\DATVEXPRESSSERVERAPP\DATVEXPRESSSERVERAPP\RELEASE\STDAFX.OBJ
C:\USERS\CHARLES\DOCUMENTS\VISUAL STUDIO 2012\PROJECTS\DATVEXPRESSSERVERAPP\DATVEXPRESSSERVERAPP\RELEASE\VC110.PDB
C:\USERS\CHARLES\DOCUMENTS\VISUAL STUDIO 2012\PROJECTS\DATVEXPRESSSERVERAPP\DATVEXPRESSSERVERAPP\RELEASE\UDPSERVER.OBJ
C:\USERS\CHARLES\DOCUMENTS\VISUAL STUDIO 2012\PROJECTS\DATVEXPRESSSERVERAPP\DATVEXPRESSSERVERAPP\RELEASE\TXLEVELDIALOG.OBJ
C:\USERS\CHARLES\DOCUMENTS\VISUAL STUDIO 2012\PROJECTS\DATVEXPRESSSERVERAPP\DATVEXPRESSSERVERAPP\RELEASE\TOXLEVELDIALOG.OBJ
C:\USERS\CHARLES\DOCUMENTS\VISUAL STUDIO 2012\PROJECTS\DATVEXPRESSSERVERAPP\DATVEXPRESSSERVERAPP\RELEASE\SYMBOLRATEDIALOG.OBJ
C:\USERS\CHARLES\DOCUMENTS\VISUAL STUDIO 2012\PROJECTS\DATVEXPRESSSERVERAPP\DATVEXPRESSSERVERAPP\RELEASE\OFFSETDIALOG.OBJ
C:\USERS\CHARLES\DOCUMENTS\VISUAL STUDIO 2012\PROJECTS\DATVEXPRESSSERVERAPP\DATVEXPRESSSERVERAPP\RELEASE\NULL.OBJ
C:\USERS\CHARLES\DOCUMENTS\VISUAL STUDIO 2012\PROJECTS\DATVEXPRESSSERVERAPP\DATVEXPRESSSERVERAPP\RELEASE\NETWORKDIALOG.OBJ
C:\USERS\CHARLES\DOCUMENTS\VISUAL STUDIO 2012\PROJECTS\DATVEXPRESSSERVERAPP\DATVEXPRESSSERVERAPP\RELEASE\FREQUENCYDIALOG.OBJ
C:\USERS\CHARLES\DOCUMENTS\VISUAL STUDIO 2012\PROJECTS\DATVEXPRESSSERVERAPP\DATVEXPRESSSERVERAPP\RELEASE\FECDIALOG.OBJ
C:\USERS\CHARLES\DOCUMENTS\VISUAL STUDIO 2012\PROJECTS\DATVEXPRESSSERVERAPP\DATVEXPRESSSERVERAPP\RELEASE\EXPRESS.OBJ
C:\USERS\CHARLES\DOCUMENTS\VISUAL STUDIO 2012\PROJECTS\DATVEXPRESSSERVERAPP\DATVEXPRESSSERVERAPP\RELEASE\DATVEXPRESSSERVERAPPDLG.OBJ
C:\USERS\CHARLES\DOCUMENTS\VISUAL STUDIO 2012\PROJECTS\DATVEXPRESSSERVERAPP\DATVEXPRESSSERVERAPP\RELEASE\DATVEXPRESSSERVERAPP.OBJ
C:\USERS\CHARLES\DOCUMENTS\VISUAL STUDIO 2012\PROJECTS\DATVEXPRESSSERVERAPP\DATVEXPRESSSERVERAPP\RELEASE\BUFFERS.OBJ
C:\USERS\CHARLES\DOCUMENTS\VISUAL STUDIO 2012\PROJECTS\DATVEXPRESSSERVERAPP\RELEASE\DATVEXPRESSSERVERAPP.EXE
C:\USERS\CHARLES\DOCUMENTS\VISUAL STUDIO 2012\PROJECTS\DATVEXPRESSSERVERAPP\RELEASE\DATVEXPRESSSERVERAPP.PDB
C:\USERS\CHARLES\DOCUMENTS\VISUAL STUDIO 2012\PROJECTS\DATVEXPRESSSERVERAPP\DATVEXPRESSSERVERAPP\RELEASE\DATVEXPRESSSERVERAPP.RES
C:\Users\Charles\Documents\Visual Studio 2012\Projects\DatvExpressServerApp\DatvExpressServerApp\Release\buffers.obj
C:\Users\Charles\Documents\Visual Studio 2012\Projects\DatvExpressServerApp\DatvExpressServerApp\Release\DatvExpressServerApp.obj
C:\Users\Charles\Documents\Visual Studio 2012\Projects\DatvExpressServerApp\DatvExpressServerApp\Release\DatvExpressServerAppDlg.obj
C:\Users\Charles\Documents\Visual Studio 2012\Projects\DatvExpressServerApp\DatvExpressServerApp\Release\Express.obj
C:\Users\Charles\Documents\Visual Studio 2012\Projects\DatvExpressServerApp\DatvExpressServerApp\Release\FecDialog.obj
C:\Users\Charles\Documents\Visual Studio 2012\Projects\DatvExpressServerApp\DatvExpressServerApp\Release\FrequencyDialog.obj
C:\Users\Charles\Documents\Visual Studio 2012\Projects\DatvExpressServerApp\DatvExpressServerApp\Release\NetworkDialog.obj
C:\Users\Charles\Documents\Visual Studio 2012\Projects\DatvExpressServerApp\DatvExpressServerApp\Release\null.obj
C:\Users\Charles\Documents\Visual Studio 2012\Projects\DatvExpressServerApp\DatvExpressServerApp\Release\OffsetDialog.obj
C:\Users\Charles\Documents\Visual Studio 2012\Projects\DatvExpressServerApp\DatvExpressServerApp\Release\stdafx.obj
C:\Users\Charles\Documents\Visual Studio 2012\Projects\DatvExpressServerApp\DatvExpressServerApp\Release\SymbolRateDialog.obj
C:\Users\Charles\Documents\Visual Studio 2012\Projects\DatvExpressServerApp\DatvExpressServerApp\Release\ToxLevelDialog.obj
C:\Users\Charles\Documents\Visual Studio 2012\Projects\DatvExpressServerApp\DatvExpressServerApp\Release\TxLevelDialog.obj
C:\Users\Charles\Documents\Visual Studio 2012\Projects\DatvExpressServerApp\DatvExpressServerApp\Release\UDPServer.obj
C:\Users\Charles\Documents\Visual Studio 2012\Projects\DatvExpressServerApp\DatvExpressServerApp\Release\cl.command.1.tlog
C:\Users\Charles\Documents\Visual Studio 2012\Projects\DatvExpressServerApp\DatvExpressServerApp\Release\CL.read.1.tlog
C:\Users\Charles\Documents\Visual Studio 2012\Projects\DatvExpressServerApp\DatvExpressServerApp\Release\CL.write.1.tlog
C:\Users\Charles\Documents\Visual Studio 2012\Projects\DatvExpressServerApp\DatvExpressServerApp\Release\link-cvtres.read.1.tlog
C:\Users\Charles\Documents\Visual Studio 2012\Projects\DatvExpressServerApp\DatvExpressServerApp\Release\link-cvtres.write.1.tlog
C:\Users\Charles\Documents\Visual Studio 2012\Projects\DatvExpressServerApp\DatvExpressServerApp\Release\link-mt.read.1.tlog
C:\Users\Charles\Documents\Visual Studio 2012\Projects\DatvExpressServerApp\DatvExpressServerApp\Release\link-mt.write.1.tlog
C:\Users\Charles\Documents\Visual Studio 2012\Projects\DatvExpressServerApp\DatvExpressServerApp\Release\link-rc.read.1.tlog
C:\Users\Charles\Documents\Visual Studio 2012\Projects\DatvExpressServerApp\DatvExpressServerApp\Release\link-rc.write.1.tlog
C:\Users\Charles\Documents\Visual Studio 2012\Projects\DatvExpressServerApp\DatvExpressServerApp\Release\link.command.1.tlog
C:\Users\Charles\Documents\Visual Studio 2012\Projects\DatvExpressServerApp\DatvExpressServerApp\Release\link.read.1.tlog
C:\Users\Charles\Documents\Visual Studio 2012\Projects\DatvExpressServerApp\DatvExpressServerApp\Release\link.write.1.tlog
C:\Users\Charles\Documents\Visual Studio 2012\Projects\DatvExpressServerApp\DatvExpressServerApp\Release\rc.command.1.tlog
C:\Users\Charles\Documents\Visual Studio 2012\Projects\DatvExpressServerApp\DatvExpressServerApp\Release\rc.read.1.tlog
C:\Users\Charles\Documents\Visual Studio 2012\Projects\DatvExpressServerApp\DatvExpressServerApp\Release\rc.write.1.tlog
C:\Users\Charles\Documents\Visual Studio 2012\Projects\DatvExpressServerApp\DatvExpressServerApp\Release\DatvExpressServerApp.res
C:\Users\Charles\Documents\Visual Studio 2012\Projects\DatvExpressServerApp\DatvExpressServerApp\Release\DatvExpressServerApp.pch
C:\Users\Charles\Documents\Visual Studio 2012\Projects\DatvExpressServerApp\DatvExpressServerApp\Release\vc110.pdb
C:\Users\Charles\Documents\Visual Studio 2012\Projects\DatvExpressServerApp\Release\DatvExpressServerApp.pdb
C:\Users\Charles\Documents\Visual Studio 2012\Projects\DatvExpressServerApp\Release\DatvExpressServerApp.exe
