C:\USERS\CHARLES\DOCUMENTS\VISUAL STUDIO 2012\PROJECTS\DATVEXPRESSSERVERAPP\DATVEXPRESSSERVERAPP\DEBUG\DATVEXPRESSSERVERAPP.PCH
C:\USERS\CHARLES\DOCUMENTS\VISUAL STUDIO 2012\PROJECTS\DATVEXPRESSSERVERAPP\DATVEXPRESSSERVERAPP\DEBUG\STDAFX.OBJ
C:\USERS\CHARLES\DOCUMENTS\VISUAL STUDIO 2012\PROJECTS\DATVEXPRESSSERVERAPP\DATVEXPRESSSERVERAPP\DEBUG\VC110.PDB
C:\USERS\CHARLES\DOCUMENTS\VISUAL STUDIO 2012\PROJECTS\DATVEXPRESSSERVERAPP\DATVEXPRESSSERVERAPP\DEBUG\BUFFERS.OBJ
C:\USERS\CHARLES\DOCUMENTS\VISUAL STUDIO 2012\PROJECTS\DATVEXPRESSSERVERAPP\DATVEXPRESSSERVERAPP\DEBUG\DATVEXPRESSSERVERAPP.OBJ
C:\USERS\CHARLES\DOCUMENTS\VISUAL STUDIO 2012\PROJECTS\DATVEXPRESSSERVERAPP\DATVEXPRESSSERVERAPP\DEBUG\DATVEXPRESSSERVERAPPDLG.OBJ
C:\USERS\CHARLES\DOCUMENTS\VISUAL STUDIO 2012\PROJECTS\DATVEXPRESSSERVERAPP\DATVEXPRESSSERVERAPP\DEBUG\EXPRESS.OBJ
C:\USERS\CHARLES\DOCUMENTS\VISUAL STUDIO 2012\PROJECTS\DATVEXPRESSSERVERAPP\DATVEXPRESSSERVERAPP\DEBUG\FECDIALOG.OBJ
C:\USERS\CHARLES\DOCUMENTS\VISUAL STUDIO 2012\PROJECTS\DATVEXPRESSSERVERAPP\DATVEXPRESSSERVERAPP\DEBUG\FREQUENCYDIALOG.OBJ
C:\USERS\CHARLES\DOCUMENTS\VISUAL STUDIO 2012\PROJECTS\DATVEXPRESSSERVERAPP\DATVEXPRESSSERVERAPP\DEBUG\NETWORKDIALOG.OBJ
C:\USERS\CHARLES\DOCUMENTS\VISUAL STUDIO 2012\PROJECTS\DATVEXPRESSSERVERAPP\DATVEXPRESSSERVERAPP\DEBUG\NULL.OBJ
C:\USERS\CHARLES\DOCUMENTS\VISUAL STUDIO 2012\PROJECTS\DATVEXPRESSSERVERAPP\DATVEXPRESSSERVERAPP\DEBUG\OFFSETDIALOG.OBJ
C:\USERS\CHARLES\DOCUMENTS\VISUAL STUDIO 2012\PROJECTS\DATVEXPRESSSERVERAPP\DATVEXPRESSSERVERAPP\DEBUG\SYMBOLRATEDIALOG.OBJ
C:\USERS\CHARLES\DOCUMENTS\VISUAL STUDIO 2012\PROJECTS\DATVEXPRESSSERVERAPP\DATVEXPRESSSERVERAPP\DEBUG\TOXLEVELDIALOG.OBJ
C:\USERS\CHARLES\DOCUMENTS\VISUAL STUDIO 2012\PROJECTS\DATVEXPRESSSERVERAPP\DATVEXPRESSSERVERAPP\DEBUG\TXLEVELDIALOG.OBJ
C:\USERS\CHARLES\DOCUMENTS\VISUAL STUDIO 2012\PROJECTS\DATVEXPRESSSERVERAPP\DATVEXPRESSSERVERAPP\DEBUG\UDPSERVER.OBJ
C:\USERS\CHARLES\DOCUMENTS\VISUAL STUDIO 2012\PROJECTS\DATVEXPRESSSERVERAPP\DEBUG\DATVEXPRESSSERVERAPP.ILK
C:\USERS\CHARLES\DOCUMENTS\VISUAL STUDIO 2012\PROJECTS\DATVEXPRESSSERVERAPP\DEBUG\DATVEXPRESSSERVERAPP.EXE
C:\USERS\CHARLES\DOCUMENTS\VISUAL STUDIO 2012\PROJECTS\DATVEXPRESSSERVERAPP\DEBUG\DATVEXPRESSSERVERAPP.PDB
C:\USERS\CHARLES\DOCUMENTS\VISUAL STUDIO 2012\PROJECTS\DATVEXPRESSSERVERAPP\DATVEXPRESSSERVERAPP\DEBUG\DATVEXPRESSSERVERAPP.RES
C:\Users\Charles\Documents\Visual Studio 2012\Projects\DatvExpressServerApp\DatvExpressServerApp\Debug\buffers.obj
C:\Users\Charles\Documents\Visual Studio 2012\Projects\DatvExpressServerApp\DatvExpressServerApp\Debug\DatvExpressServerApp.obj
C:\Users\Charles\Documents\Visual Studio 2012\Projects\DatvExpressServerApp\DatvExpressServerApp\Debug\DatvExpressServerAppDlg.obj
C:\Users\Charles\Documents\Visual Studio 2012\Projects\DatvExpressServerApp\DatvExpressServerApp\Debug\Express.obj
C:\Users\Charles\Documents\Visual Studio 2012\Projects\DatvExpressServerApp\DatvExpressServerApp\Debug\FecDialog.obj
C:\Users\Charles\Documents\Visual Studio 2012\Projects\DatvExpressServerApp\DatvExpressServerApp\Debug\FrequencyDialog.obj
C:\Users\Charles\Documents\Visual Studio 2012\Projects\DatvExpressServerApp\DatvExpressServerApp\Debug\NetworkDialog.obj
C:\Users\Charles\Documents\Visual Studio 2012\Projects\DatvExpressServerApp\DatvExpressServerApp\Debug\null.obj
C:\Users\Charles\Documents\Visual Studio 2012\Projects\DatvExpressServerApp\DatvExpressServerApp\Debug\OffsetDialog.obj
C:\Users\Charles\Documents\Visual Studio 2012\Projects\DatvExpressServerApp\DatvExpressServerApp\Debug\stdafx.obj
C:\Users\Charles\Documents\Visual Studio 2012\Projects\DatvExpressServerApp\DatvExpressServerApp\Debug\SymbolRateDialog.obj
C:\Users\Charles\Documents\Visual Studio 2012\Projects\DatvExpressServerApp\DatvExpressServerApp\Debug\ToxLevelDialog.obj
C:\Users\Charles\Documents\Visual Studio 2012\Projects\DatvExpressServerApp\DatvExpressServerApp\Debug\TxLevelDialog.obj
C:\Users\Charles\Documents\Visual Studio 2012\Projects\DatvExpressServerApp\DatvExpressServerApp\Debug\UDPServer.obj
C:\Users\Charles\Documents\Visual Studio 2012\Projects\DatvExpressServerApp\DatvExpressServerApp\Debug\cl.command.1.tlog
C:\Users\Charles\Documents\Visual Studio 2012\Projects\DatvExpressServerApp\DatvExpressServerApp\Debug\CL.read.1.tlog
C:\Users\Charles\Documents\Visual Studio 2012\Projects\DatvExpressServerApp\DatvExpressServerApp\Debug\CL.write.1.tlog
C:\Users\Charles\Documents\Visual Studio 2012\Projects\DatvExpressServerApp\DatvExpressServerApp\Debug\link-cvtres.read.1.tlog
C:\Users\Charles\Documents\Visual Studio 2012\Projects\DatvExpressServerApp\DatvExpressServerApp\Debug\link-cvtres.write.1.tlog
C:\Users\Charles\Documents\Visual Studio 2012\Projects\DatvExpressServerApp\DatvExpressServerApp\Debug\link-mt.read.1.tlog
C:\Users\Charles\Documents\Visual Studio 2012\Projects\DatvExpressServerApp\DatvExpressServerApp\Debug\link-mt.write.1.tlog
C:\Users\Charles\Documents\Visual Studio 2012\Projects\DatvExpressServerApp\DatvExpressServerApp\Debug\link-rc.read.1.tlog
C:\Users\Charles\Documents\Visual Studio 2012\Projects\DatvExpressServerApp\DatvExpressServerApp\Debug\link-rc.write.1.tlog
C:\Users\Charles\Documents\Visual Studio 2012\Projects\DatvExpressServerApp\DatvExpressServerApp\Debug\link.command.1.tlog
C:\Users\Charles\Documents\Visual Studio 2012\Projects\DatvExpressServerApp\DatvExpressServerApp\Debug\link.read.1.tlog
C:\Users\Charles\Documents\Visual Studio 2012\Projects\DatvExpressServerApp\DatvExpressServerApp\Debug\link.write.1.tlog
C:\Users\Charles\Documents\Visual Studio 2012\Projects\DatvExpressServerApp\DatvExpressServerApp\Debug\rc.command.1.tlog
C:\Users\Charles\Documents\Visual Studio 2012\Projects\DatvExpressServerApp\DatvExpressServerApp\Debug\rc.read.1.tlog
C:\Users\Charles\Documents\Visual Studio 2012\Projects\DatvExpressServerApp\DatvExpressServerApp\Debug\rc.write.1.tlog
C:\Users\Charles\Documents\Visual Studio 2012\Projects\DatvExpressServerApp\DatvExpressServerApp\Debug\DatvExpressServerApp.res
C:\Users\Charles\Documents\Visual Studio 2012\Projects\DatvExpressServerApp\DatvExpressServerApp\Debug\DatvExpressServerApp.pch
C:\Users\Charles\Documents\Visual Studio 2012\Projects\DatvExpressServerApp\DatvExpressServerApp\Debug\vc110.idb
C:\Users\Charles\Documents\Visual Studio 2012\Projects\DatvExpressServerApp\DatvExpressServerApp\Debug\vc110.pdb
C:\Users\Charles\Documents\Visual Studio 2012\Projects\DatvExpressServerApp\Debug\DatvExpressServerApp.pdb
C:\Users\Charles\Documents\Visual Studio 2012\Projects\DatvExpressServerApp\Debug\DatvExpressServerApp.exe
C:\Users\Charles\Documents\Visual Studio 2012\Projects\DatvExpressServerApp\Debug\DatvExpressServerApp.ilk
